2025-06-24T02:14:47.138Z - error: Error when starting http server on port 5488 Error: listen EADDRINUSE: address already in use :::5488
    at Server.setupListenHandle [as _listen2] (node:net:1907:16)
    at listenInCluster (node:net:1964:12)
    at Server.listen (node:net:2066:7)
    at C:\Users\sebav\OneDrive\Documentos\ACAUCAB REPO\ACAUCAB\reportes\node_modules\@jsreport\jsreport-express\lib\main.js:22:12
    at new Promise (<anonymous>)
    at startAsync (C:\Users\sebav\OneDrive\Documentos\ACAUCAB REPO\ACAUCAB\reportes\node_modules\@jsreport\jsreport-express\lib\main.js:16:10)
    at C:\Users\sebav\OneDrive\Documentos\ACAUCAB REPO\ACAUCAB\reportes\node_modules\@jsreport\jsreport-express\lib\main.js:50:14
    at Object.start (C:\Users\sebav\OneDrive\Documentos\ACAUCAB REPO\ACAUCAB\reportes\node_modules\@jsreport\jsreport-express\lib\main.js:125:13)
    at Object.<anonymous> (C:\Users\sebav\OneDrive\Documentos\ACAUCAB REPO\ACAUCAB\reportes\node_modules\@jsreport\jsreport-express\lib\main.js:333:30)
    at async ListenerCollection.fire (C:\Users\sebav\OneDrive\Documentos\ACAUCAB REPO\ACAUCAB\reportes\node_modules\@jsreport\jsreport-core\lib\shared\listenerCollection.js:157:21)
2025-06-24T02:14:47.138Z - error: Error occurred during reporter init: Error: listen EADDRINUSE: address already in use :::5488
    at Server.setupListenHandle [as _listen2] (node:net:1907:16)
    at listenInCluster (node:net:1964:12)
    at Server.listen (node:net:2066:7)
    at C:\Users\sebav\OneDrive\Documentos\ACAUCAB REPO\ACAUCAB\reportes\node_modules\@jsreport\jsreport-express\lib\main.js:22:12
    at new Promise (<anonymous>)
    at startAsync (C:\Users\sebav\OneDrive\Documentos\ACAUCAB REPO\ACAUCAB\reportes\node_modules\@jsreport\jsreport-express\lib\main.js:16:10)
    at C:\Users\sebav\OneDrive\Documentos\ACAUCAB REPO\ACAUCAB\reportes\node_modules\@jsreport\jsreport-express\lib\main.js:50:14
    at Object.start (C:\Users\sebav\OneDrive\Documentos\ACAUCAB REPO\ACAUCAB\reportes\node_modules\@jsreport\jsreport-express\lib\main.js:125:13)
    at Object.<anonymous> (C:\Users\sebav\OneDrive\Documentos\ACAUCAB REPO\ACAUCAB\reportes\node_modules\@jsreport\jsreport-express\lib\main.js:333:30)
    at async ListenerCollection.fire (C:\Users\sebav\OneDrive\Documentos\ACAUCAB REPO\ACAUCAB\reportes\node_modules\@jsreport\jsreport-core\lib\shared\listenerCollection.js:157:21)
2025-06-25T03:00:38.039Z - error: Error when starting http server on port 5488 Error: listen EADDRINUSE: address already in use :::5488
    at Server.setupListenHandle [as _listen2] (node:net:1939:16)
    at listenInCluster (node:net:1996:12)
    at Server.listen (node:net:2101:7)
    at C:\Users\Sebastián Cova\Desktop\Program\BD\ACAUCAB\reportes\node_modules\@jsreport\jsreport-express\lib\main.js:22:12
    at new Promise (<anonymous>)
    at startAsync (C:\Users\Sebastián Cova\Desktop\Program\BD\ACAUCAB\reportes\node_modules\@jsreport\jsreport-express\lib\main.js:16:10)
    at C:\Users\Sebastián Cova\Desktop\Program\BD\ACAUCAB\reportes\node_modules\@jsreport\jsreport-express\lib\main.js:50:14
    at Object.start (C:\Users\Sebastián Cova\Desktop\Program\BD\ACAUCAB\reportes\node_modules\@jsreport\jsreport-express\lib\main.js:125:13)
    at Object.<anonymous> (C:\Users\Sebastián Cova\Desktop\Program\BD\ACAUCAB\reportes\node_modules\@jsreport\jsreport-express\lib\main.js:333:30)
    at async ListenerCollection.fire (C:\Users\Sebastián Cova\Desktop\Program\BD\ACAUCAB\reportes\node_modules\@jsreport\jsreport-core\lib\shared\listenerCollection.js:157:21)
2025-06-25T03:00:38.040Z - error: Error occurred during reporter init: Error: listen EADDRINUSE: address already in use :::5488
    at Server.setupListenHandle [as _listen2] (node:net:1939:16)
    at listenInCluster (node:net:1996:12)
    at Server.listen (node:net:2101:7)
    at C:\Users\Sebastián Cova\Desktop\Program\BD\ACAUCAB\reportes\node_modules\@jsreport\jsreport-express\lib\main.js:22:12
    at new Promise (<anonymous>)
    at startAsync (C:\Users\Sebastián Cova\Desktop\Program\BD\ACAUCAB\reportes\node_modules\@jsreport\jsreport-express\lib\main.js:16:10)
    at C:\Users\Sebastián Cova\Desktop\Program\BD\ACAUCAB\reportes\node_modules\@jsreport\jsreport-express\lib\main.js:50:14
    at Object.start (C:\Users\Sebastián Cova\Desktop\Program\BD\ACAUCAB\reportes\node_modules\@jsreport\jsreport-express\lib\main.js:125:13)
    at Object.<anonymous> (C:\Users\Sebastián Cova\Desktop\Program\BD\ACAUCAB\reportes\node_modules\@jsreport\jsreport-express\lib\main.js:333:30)
    at async ListenerCollection.fire (C:\Users\Sebastián Cova\Desktop\Program\BD\ACAUCAB\reportes\node_modules\@jsreport\jsreport-core\lib\shared\listenerCollection.js:157:21)
2025-06-25T03:01:20.567Z - error: Error when starting http server on port 5488 Error: listen EADDRINUSE: address already in use :::5488
    at Server.setupListenHandle [as _listen2] (node:net:1939:16)
    at listenInCluster (node:net:1996:12)
    at Server.listen (node:net:2101:7)
    at C:\Users\Sebastián Cova\Desktop\Program\BD\ACAUCAB\reportes\node_modules\@jsreport\jsreport-express\lib\main.js:22:12
    at new Promise (<anonymous>)
    at startAsync (C:\Users\Sebastián Cova\Desktop\Program\BD\ACAUCAB\reportes\node_modules\@jsreport\jsreport-express\lib\main.js:16:10)
    at C:\Users\Sebastián Cova\Desktop\Program\BD\ACAUCAB\reportes\node_modules\@jsreport\jsreport-express\lib\main.js:50:14
    at Object.start (C:\Users\Sebastián Cova\Desktop\Program\BD\ACAUCAB\reportes\node_modules\@jsreport\jsreport-express\lib\main.js:125:13)
    at Object.<anonymous> (C:\Users\Sebastián Cova\Desktop\Program\BD\ACAUCAB\reportes\node_modules\@jsreport\jsreport-express\lib\main.js:333:30)
    at async ListenerCollection.fire (C:\Users\Sebastián Cova\Desktop\Program\BD\ACAUCAB\reportes\node_modules\@jsreport\jsreport-core\lib\shared\listenerCollection.js:157:21)
2025-06-25T03:01:20.568Z - error: Error occurred during reporter init: Error: listen EADDRINUSE: address already in use :::5488
    at Server.setupListenHandle [as _listen2] (node:net:1939:16)
    at listenInCluster (node:net:1996:12)
    at Server.listen (node:net:2101:7)
    at C:\Users\Sebastián Cova\Desktop\Program\BD\ACAUCAB\reportes\node_modules\@jsreport\jsreport-express\lib\main.js:22:12
    at new Promise (<anonymous>)
    at startAsync (C:\Users\Sebastián Cova\Desktop\Program\BD\ACAUCAB\reportes\node_modules\@jsreport\jsreport-express\lib\main.js:16:10)
    at C:\Users\Sebastián Cova\Desktop\Program\BD\ACAUCAB\reportes\node_modules\@jsreport\jsreport-express\lib\main.js:50:14
    at Object.start (C:\Users\Sebastián Cova\Desktop\Program\BD\ACAUCAB\reportes\node_modules\@jsreport\jsreport-express\lib\main.js:125:13)
    at Object.<anonymous> (C:\Users\Sebastián Cova\Desktop\Program\BD\ACAUCAB\reportes\node_modules\@jsreport\jsreport-express\lib\main.js:333:30)
    at async ListenerCollection.fire (C:\Users\Sebastián Cova\Desktop\Program\BD\ACAUCAB\reportes\node_modules\@jsreport\jsreport-core\lib\shared\listenerCollection.js:157:21)
2025-06-26T08:08:12.020Z - error: Error when starting http server on port 5488 Error: listen EADDRINUSE: address already in use :::5488
    at Server.setupListenHandle [as _listen2] (node:net:1912:16)
    at listenInCluster (node:net:1969:12)
    at Server.listen (node:net:2074:7)
    at C:\Users\sayag\OneDrive\Desktop\ACAUCAB Proyecto\ACAUCAB-1\reportes\node_modules\@jsreport\jsreport-express\lib\main.js:22:12
    at new Promise (<anonymous>)
    at startAsync (C:\Users\sayag\OneDrive\Desktop\ACAUCAB Proyecto\ACAUCAB-1\reportes\node_modules\@jsreport\jsreport-express\lib\main.js:16:10)
    at C:\Users\sayag\OneDrive\Desktop\ACAUCAB Proyecto\ACAUCAB-1\reportes\node_modules\@jsreport\jsreport-express\lib\main.js:50:14
    at Object.start (C:\Users\sayag\OneDrive\Desktop\ACAUCAB Proyecto\ACAUCAB-1\reportes\node_modules\@jsreport\jsreport-express\lib\main.js:125:13)
    at Object.<anonymous> (C:\Users\sayag\OneDrive\Desktop\ACAUCAB Proyecto\ACAUCAB-1\reportes\node_modules\@jsreport\jsreport-express\lib\main.js:333:30)
    at async ListenerCollection.fire (C:\Users\sayag\OneDrive\Desktop\ACAUCAB Proyecto\ACAUCAB-1\reportes\node_modules\@jsreport\jsreport-core\lib\shared\listenerCollection.js:157:21)
2025-06-26T08:08:12.022Z - error: Error occurred during reporter init: Error: listen EADDRINUSE: address already in use :::5488
    at Server.setupListenHandle [as _listen2] (node:net:1912:16)
    at listenInCluster (node:net:1969:12)
    at Server.listen (node:net:2074:7)
    at C:\Users\sayag\OneDrive\Desktop\ACAUCAB Proyecto\ACAUCAB-1\reportes\node_modules\@jsreport\jsreport-express\lib\main.js:22:12
    at new Promise (<anonymous>)
    at startAsync (C:\Users\sayag\OneDrive\Desktop\ACAUCAB Proyecto\ACAUCAB-1\reportes\node_modules\@jsreport\jsreport-express\lib\main.js:16:10)
    at C:\Users\sayag\OneDrive\Desktop\ACAUCAB Proyecto\ACAUCAB-1\reportes\node_modules\@jsreport\jsreport-express\lib\main.js:50:14
    at Object.start (C:\Users\sayag\OneDrive\Desktop\ACAUCAB Proyecto\ACAUCAB-1\reportes\node_modules\@jsreport\jsreport-express\lib\main.js:125:13)
    at Object.<anonymous> (C:\Users\sayag\OneDrive\Desktop\ACAUCAB Proyecto\ACAUCAB-1\reportes\node_modules\@jsreport\jsreport-express\lib\main.js:333:30)
    at async ListenerCollection.fire (C:\Users\sayag\OneDrive\Desktop\ACAUCAB Proyecto\ACAUCAB-1\reportes\node_modules\@jsreport\jsreport-core\lib\shared\listenerCollection.js:157:21)
