{"type":"operationStart","subtype":"profile","data":{"_id":"HNjhXA3zjuF3TO6l","timestamp":"2025-06-22T23:12:09.935Z","state":"running","mode":"standard","creationDate":"2025-06-22T23:12:09.940Z","modificationDate":"2025-06-22T23:12:09.940Z","shortid":"eKlFqM5","$entitySet":"profiles","timeout":60000},"doDiffs":false,"timestamp":1750633929938,"id":"l87zmxt3l1w38qu","previousOperationId":null,"operationId":"t1p1r5fwuf7isdv"}
{"type":"log","level":"info","message":"Render request 1 queued for execution and waiting for available worker","previousOperationId":"t1p1r5fwuf7isdv","timestamp":1750633929938,"id":"hs1vwc7cq21e1b9"}
{"type":"operationStart","subtype":"render","name":"anonymous","previousOperationId":"t1p1r5fwuf7isdv","timestamp":1750633929973,"id":"iu8wqw7qzv0155z","previousEventId":"l87zmxt3l1w38qu","operationId":"nq810qfs2sf1fen"}
{"type":"log","timestamp":1750633929975,"level":"info","message":"Starting rendering request 1","meta":{"rootId":"0vpvzwg0nzd007j","id":"0vpvzwg0nzd007j"},"id":"ojmjdwtaeednwbz","previousOperationId":"nq810qfs2sf1fen"}
{"type":"log","timestamp":1750633929978,"level":"info","message":"Rendering anonymous template { recipe: chrome-pdf, engine: handlebars }","meta":{"rootId":"0vpvzwg0nzd007j","id":"0vpvzwg0nzd007j"},"id":"h4qxcv88rdscyow","previousOperationId":"nq810qfs2sf1fen"}
{"type":"log","timestamp":1750633929979,"level":"debug","message":"Inline data specified.","meta":{"rootId":"0vpvzwg0nzd007j","id":"0vpvzwg0nzd007j"},"id":"5zv7bcvak35csri","previousOperationId":"nq810qfs2sf1fen"}
{"type":"log","timestamp":1750633929987,"level":"debug","message":"Base url not specified, skipping its injection.","meta":{"rootId":"0vpvzwg0nzd007j","id":"0vpvzwg0nzd007j"},"id":"9gk9ki9xzea95md","previousOperationId":"nq810qfs2sf1fen"}
{"type":"operationStart","subtype":"engine","name":"handlebars","timestamp":1750633929991,"id":"i5n10w5zrojpqoi","previousEventId":"iu8wqw7qzv0155z","operationId":"3txrcxbml2z7jnd","previousOperationId":"nq810qfs2sf1fen"}
{"type":"log","timestamp":1750633929991,"level":"debug","message":"Rendering engine handlebars","meta":{"rootId":"0vpvzwg0nzd007j","id":"0vpvzwg0nzd007j"},"id":"n7nbya1tg3sj4yb","previousOperationId":"3txrcxbml2z7jnd"}
{"type":"operationEnd","operationId":"3txrcxbml2z7jnd","timestamp":1750633931238,"id":"r69dh7mrlwyi4xg","previousEventId":"i5n10w5zrojpqoi","previousOperationId":"3txrcxbml2z7jnd"}
{"type":"operationStart","subtype":"recipe","name":"chrome-pdf","timestamp":1750633931239,"id":"ef4ei4d9adwzh9r","previousEventId":"r69dh7mrlwyi4xg","operationId":"7ido2unz0107y5j","previousOperationId":"3txrcxbml2z7jnd"}
{"type":"log","timestamp":1750633931240,"level":"debug","message":"Executing recipe chrome-pdf","meta":{"rootId":"0vpvzwg0nzd007j","id":"0vpvzwg0nzd007j"},"id":"inenc5cbkt6fe1j","previousOperationId":"7ido2unz0107y5j"}
{"type":"log","timestamp":1750633933074,"level":"debug","message":"Converting with chrome Chrome/136.0.7103.49 using chrome-pool strategy","meta":{"rootId":"0vpvzwg0nzd007j","id":"0vpvzwg0nzd007j"},"id":"1dwv78pt1ua2iwm","previousOperationId":"7ido2unz0107y5j"}
{"type":"log","timestamp":1750633933528,"level":"debug","message":"Page request: GET (document) file:///C:/Users/sayag/AppData/Local/Temp/jsreport/autocleanup/4c7b0dee-207d-4e7d-b435-499b813866d8-chrome-pdf.html","meta":{"rootId":"0vpvzwg0nzd007j","id":"0vpvzwg0nzd007j"},"id":"8pkvbl8i0a6rjal","previousOperationId":"7ido2unz0107y5j"}
{"type":"log","timestamp":1750633933675,"level":"debug","message":"Page request finished: GET (document) 200 file:///C:/Users/sayag/AppData/Local/Temp/jsreport/autocleanup/4c7b0dee-207d-4e7d-b435-499b813866d8-chrome-pdf.html","meta":{"rootId":"0vpvzwg0nzd007j","id":"0vpvzwg0nzd007j"},"id":"r10esz3frqegw2p","previousOperationId":"7ido2unz0107y5j"}
{"type":"log","timestamp":1750633933817,"level":"debug","message":"Running chrome with params {\"format\":\"A4\",\"landscape\":true,\"marginTop\":\"1.5cm\",\"marginLeft\":\"1.5cm\",\"marginRight\":\"1.5cm\",\"marginBottom\":\"1.5cm\",\"timeout\":58672,\"margin\":{\"top\":\"1.5cm\",\"right\":\"1.5cm\",\"bottom\":\"1.5cm\",\"left\":\"1.5cm\"},\"printBackground\":true}","meta":{"rootId":"0vpvzwg0nzd007j","id":"0vpvzwg0nzd007j"},"id":"qe3hnb241ksuigy","previousOperationId":"7ido2unz0107y5j"}
{"type":"operationEnd","operationId":"7ido2unz0107y5j","timestamp":1750633936145,"id":"4i0b9t68fos0edz","previousEventId":"ef4ei4d9adwzh9r","previousOperationId":"7ido2unz0107y5j"}
{"type":"log","timestamp":1750633936149,"level":"debug","message":"Skipping storing report.","meta":{"rootId":"0vpvzwg0nzd007j","id":"0vpvzwg0nzd007j"},"id":"wi09pge73uw3mii","previousOperationId":"7ido2unz0107y5j"}
{"type":"log","timestamp":1750633936149,"level":"info","message":"Rendering request 1 finished in 6216 ms","meta":{"rootId":"0vpvzwg0nzd007j","id":"0vpvzwg0nzd007j"},"id":"7lgh8rr87d8m0td","previousOperationId":"7ido2unz0107y5j"}
{"type":"operationEnd","subtype":"render","operationId":"nq810qfs2sf1fen","timestamp":1750633936150,"id":"m4njxj4fj7cpqtu","previousEventId":"4i0b9t68fos0edz","previousOperationId":"7ido2unz0107y5j"}
{"type":"operationEnd","doDiffs":false,"previousEventId":"l87zmxt3l1w38qu","previousOperationId":"t1p1r5fwuf7isdv","operationId":"t1p1r5fwuf7isdv","timestamp":1750633936161,"id":"aawgofji53oj8ds"}
