{"type":"operationStart","subtype":"profile","data":{"_id":"ZMaI8jX3aV60WoXH","timestamp":"2025-06-22T21:24:31.984Z","state":"running","mode":"standard","creationDate":"2025-06-22T21:24:31.989Z","modificationDate":"2025-06-22T21:24:31.989Z","shortid":"JuZhGZm","$entitySet":"profiles","timeout":60000},"doDiffs":false,"timestamp":1750627471987,"id":"v8a671p5rfqcxb5","previousOperationId":null,"operationId":"izpwqk8siw7s3wd"}
{"type":"log","level":"info","message":"Render request 1 queued for execution and waiting for available worker","previousOperationId":"izpwqk8siw7s3wd","timestamp":1750627471987,"id":"ofvk4lpved3tffd"}
{"type":"operationStart","subtype":"render","name":"anonymous","previousOperationId":"izpwqk8siw7s3wd","timestamp":1750627472062,"id":"apapc9x772n5d6a","previousEventId":"v8a671p5rfqcxb5","operationId":"xs7r6nb3de4hgf0"}
{"type":"log","timestamp":1750627472064,"level":"info","message":"Starting rendering request 1","meta":{"rootId":"1yhqh4eysthzpf2","id":"1yhqh4eysthzpf2"},"id":"blln674o8liwcbm","previousOperationId":"xs7r6nb3de4hgf0"}
{"type":"log","timestamp":1750627472069,"level":"info","message":"Rendering anonymous template { recipe: chrome-pdf, engine: handlebars }","meta":{"rootId":"1yhqh4eysthzpf2","id":"1yhqh4eysthzpf2"},"id":"9dh9p1ed18c3h23","previousOperationId":"xs7r6nb3de4hgf0"}
{"type":"log","timestamp":1750627472069,"level":"debug","message":"Inline data specified.","meta":{"rootId":"1yhqh4eysthzpf2","id":"1yhqh4eysthzpf2"},"id":"6r8p7y4czyivjv3","previousOperationId":"xs7r6nb3de4hgf0"}
{"type":"log","timestamp":1750627472085,"level":"debug","message":"Base url not specified, skipping its injection.","meta":{"rootId":"1yhqh4eysthzpf2","id":"1yhqh4eysthzpf2"},"id":"e9rmg67chh005mg","previousOperationId":"xs7r6nb3de4hgf0"}
{"type":"operationStart","subtype":"engine","name":"handlebars","timestamp":1750627472089,"id":"6amv3hplefhk83p","previousEventId":"apapc9x772n5d6a","operationId":"1u6avdumultz4b9","previousOperationId":"xs7r6nb3de4hgf0"}
{"type":"log","timestamp":1750627472089,"level":"debug","message":"Rendering engine handlebars","meta":{"rootId":"1yhqh4eysthzpf2","id":"1yhqh4eysthzpf2"},"id":"k5qwo45ox5g0ggv","previousOperationId":"1u6avdumultz4b9"}
{"type":"operationEnd","operationId":"1u6avdumultz4b9","timestamp":1750627473160,"id":"wr47io2fspy1uas","previousEventId":"6amv3hplefhk83p","previousOperationId":"1u6avdumultz4b9"}
{"type":"operationStart","subtype":"recipe","name":"chrome-pdf","timestamp":1750627473162,"id":"xa3xpgwnlld1w8e","previousEventId":"wr47io2fspy1uas","operationId":"zm6p3nvks1gtlda","previousOperationId":"1u6avdumultz4b9"}
{"type":"log","timestamp":1750627473162,"level":"debug","message":"Executing recipe chrome-pdf","meta":{"rootId":"1yhqh4eysthzpf2","id":"1yhqh4eysthzpf2"},"id":"4wtppoe11agcm1x","previousOperationId":"zm6p3nvks1gtlda"}
{"type":"log","timestamp":1750627475164,"level":"debug","message":"Converting with chrome Chrome/136.0.7103.49 using chrome-pool strategy","meta":{"rootId":"1yhqh4eysthzpf2","id":"1yhqh4eysthzpf2"},"id":"bgwm0ygj51zuegx","previousOperationId":"zm6p3nvks1gtlda"}
{"type":"log","timestamp":1750627475711,"level":"debug","message":"Page request: GET (document) file:///C:/Users/sayag/AppData/Local/Temp/jsreport/autocleanup/df58b52c-a118-46b2-924d-2d23ba535281-chrome-pdf.html","meta":{"rootId":"1yhqh4eysthzpf2","id":"1yhqh4eysthzpf2"},"id":"7d18t3ulazq4lzg","previousOperationId":"zm6p3nvks1gtlda"}
{"type":"log","timestamp":1750627475817,"level":"debug","message":"Page request finished: GET (document) 200 file:///C:/Users/sayag/AppData/Local/Temp/jsreport/autocleanup/df58b52c-a118-46b2-924d-2d23ba535281-chrome-pdf.html","meta":{"rootId":"1yhqh4eysthzpf2","id":"1yhqh4eysthzpf2"},"id":"qw5pec7pd2pzyzj","previousOperationId":"zm6p3nvks1gtlda"}
{"type":"log","timestamp":1750627475926,"level":"debug","message":"Running chrome with params {\"format\":\"A4\",\"marginTop\":\"1cm\",\"marginLeft\":\"1cm\",\"marginRight\":\"1cm\",\"marginBottom\":\"1cm\",\"timeout\":58796,\"margin\":{\"top\":\"1cm\",\"right\":\"1cm\",\"bottom\":\"1cm\",\"left\":\"1cm\"},\"printBackground\":true}","meta":{"rootId":"1yhqh4eysthzpf2","id":"1yhqh4eysthzpf2"},"id":"bwwuvax3u1ckyct","previousOperationId":"zm6p3nvks1gtlda"}
{"type":"operationEnd","operationId":"zm6p3nvks1gtlda","timestamp":1750627476837,"id":"bt7vyosthn9yf8a","previousEventId":"xa3xpgwnlld1w8e","previousOperationId":"zm6p3nvks1gtlda"}
{"type":"log","timestamp":1750627476840,"level":"debug","message":"Skipping storing report.","meta":{"rootId":"1yhqh4eysthzpf2","id":"1yhqh4eysthzpf2"},"id":"b7ix4bme2kfq60m","previousOperationId":"zm6p3nvks1gtlda"}
{"type":"log","timestamp":1750627476840,"level":"info","message":"Rendering request 1 finished in 4858 ms","meta":{"rootId":"1yhqh4eysthzpf2","id":"1yhqh4eysthzpf2"},"id":"zjocb3m9f9cdzm6","previousOperationId":"zm6p3nvks1gtlda"}
{"type":"operationEnd","subtype":"render","operationId":"xs7r6nb3de4hgf0","timestamp":1750627476840,"id":"9gk9hnb2pthl8c5","previousEventId":"bt7vyosthn9yf8a","previousOperationId":"zm6p3nvks1gtlda"}
{"type":"operationEnd","doDiffs":false,"previousEventId":"v8a671p5rfqcxb5","previousOperationId":"izpwqk8siw7s3wd","operationId":"izpwqk8siw7s3wd","timestamp":1750627476871,"id":"6hbuawwqynvx371"}
