{"type":"operationStart","subtype":"profile","data":{"_id":"1bjmlIoXyYiqOKyz","timestamp":"2025-06-22T21:18:55.565Z","state":"running","mode":"standard","creationDate":"2025-06-22T21:18:55.570Z","modificationDate":"2025-06-22T21:18:55.570Z","shortid":"pfOxiOO","$entitySet":"profiles","timeout":60000},"doDiffs":false,"timestamp":1750627135568,"id":"l7inllz62ammky5","previousOperationId":null,"operationId":"3u02raq2cezhbfq"}
{"type":"log","level":"info","message":"Render request 1 queued for execution and waiting for available worker","previousOperationId":"3u02raq2cezhbfq","timestamp":1750627135568,"id":"yzicnqdme9q6zh3"}
{"type":"operationStart","subtype":"render","name":"anonymous","previousOperationId":"3u02raq2cezhbfq","timestamp":1750627135612,"id":"2von5q6rikiudhu","previousEventId":"l7inllz62ammky5","operationId":"lvms3kx21ladkl0"}
{"type":"log","timestamp":1750627135615,"level":"info","message":"Starting rendering request 1","meta":{"rootId":"7s13kkckukig460","id":"7s13kkckukig460"},"id":"dlra73pv7isowfg","previousOperationId":"lvms3kx21ladkl0"}
{"type":"log","timestamp":1750627135619,"level":"info","message":"Rendering anonymous template { recipe: chrome-pdf, engine: handlebars }","meta":{"rootId":"7s13kkckukig460","id":"7s13kkckukig460"},"id":"xt2q99udne7mi65","previousOperationId":"lvms3kx21ladkl0"}
{"type":"log","timestamp":1750627135620,"level":"debug","message":"Inline data specified.","meta":{"rootId":"7s13kkckukig460","id":"7s13kkckukig460"},"id":"o1gp2u2payhjrbo","previousOperationId":"lvms3kx21ladkl0"}
{"type":"log","timestamp":1750627135631,"level":"debug","message":"Base url not specified, skipping its injection.","meta":{"rootId":"7s13kkckukig460","id":"7s13kkckukig460"},"id":"f6z66z55v4oy7im","previousOperationId":"lvms3kx21ladkl0"}
{"type":"operationStart","subtype":"engine","name":"handlebars","timestamp":1750627135635,"id":"j6achszi4pknb7e","previousEventId":"2von5q6rikiudhu","operationId":"b1jen2z1bons9mm","previousOperationId":"lvms3kx21ladkl0"}
{"type":"log","timestamp":1750627135635,"level":"debug","message":"Rendering engine handlebars","meta":{"rootId":"7s13kkckukig460","id":"7s13kkckukig460"},"id":"ilrtzovvam02fi7","previousOperationId":"b1jen2z1bons9mm"}
{"type":"operationEnd","operationId":"b1jen2z1bons9mm","timestamp":1750627137060,"id":"zb6xeqxlwry3u6f","previousEventId":"j6achszi4pknb7e","previousOperationId":"b1jen2z1bons9mm"}
{"type":"operationStart","subtype":"recipe","name":"chrome-pdf","timestamp":1750627137061,"id":"uhr07l2jim1m03n","previousEventId":"zb6xeqxlwry3u6f","operationId":"3xmm5dx932kh06x","previousOperationId":"b1jen2z1bons9mm"}
{"type":"log","timestamp":1750627137062,"level":"debug","message":"Executing recipe chrome-pdf","meta":{"rootId":"7s13kkckukig460","id":"7s13kkckukig460"},"id":"hwxchhhyns8t3af","previousOperationId":"3xmm5dx932kh06x"}
{"type":"log","timestamp":1750627138078,"level":"debug","message":"Converting with chrome Chrome/136.0.7103.49 using chrome-pool strategy","meta":{"rootId":"7s13kkckukig460","id":"7s13kkckukig460"},"id":"8xal587pxtxutsa","previousOperationId":"3xmm5dx932kh06x"}
{"type":"log","timestamp":1750627138957,"level":"debug","message":"Page request: GET (document) file:///C:/Users/sayag/AppData/Local/Temp/jsreport/autocleanup/00edeb09-998d-4475-b6d1-f63b1e012265-chrome-pdf.html","meta":{"rootId":"7s13kkckukig460","id":"7s13kkckukig460"},"id":"p4cmzfx5dt9o5kr","previousOperationId":"3xmm5dx932kh06x"}
{"type":"log","timestamp":1750627139055,"level":"debug","message":"Page request finished: GET (document) 200 file:///C:/Users/sayag/AppData/Local/Temp/jsreport/autocleanup/00edeb09-998d-4475-b6d1-f63b1e012265-chrome-pdf.html","meta":{"rootId":"7s13kkckukig460","id":"7s13kkckukig460"},"id":"9t8ze8frhfjucoq","previousOperationId":"3xmm5dx932kh06x"}
{"type":"log","timestamp":1750627139240,"level":"debug","message":"Running chrome with params {\"format\":\"A4\",\"marginTop\":\"1cm\",\"marginLeft\":\"1cm\",\"marginRight\":\"1cm\",\"marginBottom\":\"1cm\",\"timeout\":58479,\"margin\":{\"top\":\"1cm\",\"right\":\"1cm\",\"bottom\":\"1cm\",\"left\":\"1cm\"},\"printBackground\":true}","meta":{"rootId":"7s13kkckukig460","id":"7s13kkckukig460"},"id":"eh83ccboj82zwoz","previousOperationId":"3xmm5dx932kh06x"}
{"type":"operationEnd","operationId":"3xmm5dx932kh06x","timestamp":1750627141123,"id":"i41ixor6qe0yf0j","previousEventId":"uhr07l2jim1m03n","previousOperationId":"3xmm5dx932kh06x"}
{"type":"log","timestamp":1750627141126,"level":"debug","message":"Skipping storing report.","meta":{"rootId":"7s13kkckukig460","id":"7s13kkckukig460"},"id":"n87c945levugalg","previousOperationId":"3xmm5dx932kh06x"}
{"type":"log","timestamp":1750627141126,"level":"info","message":"Rendering request 1 finished in 5564 ms","meta":{"rootId":"7s13kkckukig460","id":"7s13kkckukig460"},"id":"nk5f1k4tqm0lnsb","previousOperationId":"3xmm5dx932kh06x"}
{"type":"operationEnd","subtype":"render","operationId":"lvms3kx21ladkl0","timestamp":1750627141127,"id":"w9ejjqp5qxodz6n","previousEventId":"i41ixor6qe0yf0j","previousOperationId":"3xmm5dx932kh06x"}
{"type":"operationEnd","doDiffs":false,"previousEventId":"l7inllz62ammky5","previousOperationId":"3u02raq2cezhbfq","operationId":"3u02raq2cezhbfq","timestamp":1750627141151,"id":"1e9ureyyt117w3g"}
