{"type":"operationStart","subtype":"profile","data":{"_id":"9Ra26lIPV9FIfbIF","timestamp":"2025-06-22T21:10:41.665Z","state":"running","mode":"standard","creationDate":"2025-06-22T21:10:41.670Z","modificationDate":"2025-06-22T21:10:41.670Z","shortid":"V3biB-P","$entitySet":"profiles","timeout":60000},"doDiffs":false,"timestamp":1750626641667,"id":"8o2anmyimsrnpkp","previousOperationId":null,"operationId":"2jcgkadxwc3885j"}
{"type":"log","level":"info","message":"Render request 1 queued for execution and waiting for available worker","previousOperationId":"2jcgkadxwc3885j","timestamp":1750626641668,"id":"9a2evi12f2pvgi4"}
{"type":"operationStart","subtype":"render","name":"anonymous","previousOperationId":"2jcgkadxwc3885j","timestamp":1750626641699,"id":"bpw6rfn4edzwyog","previousEventId":"8o2anmyimsrnpkp","operationId":"a22s0mtut3nnaih"}
{"type":"log","timestamp":1750626641701,"level":"info","message":"Starting rendering request 1","meta":{"rootId":"9ihgzck1xg5dya2","id":"9ihgzck1xg5dya2"},"id":"4kr6jai15j6irqs","previousOperationId":"a22s0mtut3nnaih"}
{"type":"log","timestamp":1750626641704,"level":"info","message":"Rendering anonymous template { recipe: chrome-pdf, engine: handlebars }","meta":{"rootId":"9ihgzck1xg5dya2","id":"9ihgzck1xg5dya2"},"id":"u1vmy1jua2fccx5","previousOperationId":"a22s0mtut3nnaih"}
{"type":"log","timestamp":1750626641705,"level":"debug","message":"Inline data specified.","meta":{"rootId":"9ihgzck1xg5dya2","id":"9ihgzck1xg5dya2"},"id":"pol40oegltc5o8c","previousOperationId":"a22s0mtut3nnaih"}
{"type":"log","timestamp":1750626641713,"level":"debug","message":"Base url not specified, skipping its injection.","meta":{"rootId":"9ihgzck1xg5dya2","id":"9ihgzck1xg5dya2"},"id":"5tkql6mw28bp88g","previousOperationId":"a22s0mtut3nnaih"}
{"type":"operationStart","subtype":"engine","name":"handlebars","timestamp":1750626641718,"id":"ek8fls9zxtmx8n0","previousEventId":"bpw6rfn4edzwyog","operationId":"izwhozq1v9r2vdc","previousOperationId":"a22s0mtut3nnaih"}
{"type":"log","timestamp":1750626641718,"level":"debug","message":"Rendering engine handlebars","meta":{"rootId":"9ihgzck1xg5dya2","id":"9ihgzck1xg5dya2"},"id":"d2k7xxiyvgalw9e","previousOperationId":"izwhozq1v9r2vdc"}
{"type":"operationEnd","operationId":"izwhozq1v9r2vdc","timestamp":1750626643035,"id":"w8ep33rvbfjq1sw","previousEventId":"ek8fls9zxtmx8n0","previousOperationId":"izwhozq1v9r2vdc"}
{"type":"operationStart","subtype":"recipe","name":"chrome-pdf","timestamp":1750626643036,"id":"ev7qx4i97jana19","previousEventId":"w8ep33rvbfjq1sw","operationId":"0qxsklzs9y7xlsx","previousOperationId":"izwhozq1v9r2vdc"}
{"type":"log","timestamp":1750626643036,"level":"debug","message":"Executing recipe chrome-pdf","meta":{"rootId":"9ihgzck1xg5dya2","id":"9ihgzck1xg5dya2"},"id":"mlkphfndfqxtk1l","previousOperationId":"0qxsklzs9y7xlsx"}
{"type":"log","timestamp":1750626659342,"level":"debug","message":"Converting with chrome Chrome/136.0.7103.49 using chrome-pool strategy","meta":{"rootId":"9ihgzck1xg5dya2","id":"9ihgzck1xg5dya2"},"id":"2o243m26pq004ya","previousOperationId":"0qxsklzs9y7xlsx"}
{"type":"log","timestamp":1750626660209,"level":"debug","message":"Page request: GET (document) file:///C:/Users/sayag/AppData/Local/Temp/jsreport/autocleanup/d765ecd4-1417-4a03-b072-20f499e5291a-chrome-pdf.html","meta":{"rootId":"9ihgzck1xg5dya2","id":"9ihgzck1xg5dya2"},"id":"i1vjg5sd675zd43","previousOperationId":"0qxsklzs9y7xlsx"}
{"type":"log","timestamp":1750626660525,"level":"debug","message":"Page request finished: GET (document) 200 file:///C:/Users/sayag/AppData/Local/Temp/jsreport/autocleanup/d765ecd4-1417-4a03-b072-20f499e5291a-chrome-pdf.html","meta":{"rootId":"9ihgzck1xg5dya2","id":"9ihgzck1xg5dya2"},"id":"tuv8ap4surwo0nq","previousOperationId":"0qxsklzs9y7xlsx"}
{"type":"log","timestamp":1750626660766,"level":"debug","message":"Running chrome with params {\"format\":\"A4\",\"marginTop\":\"1cm\",\"marginLeft\":\"1cm\",\"marginRight\":\"1cm\",\"marginBottom\":\"1cm\",\"timeout\":58603,\"margin\":{\"top\":\"1cm\",\"right\":\"1cm\",\"bottom\":\"1cm\",\"left\":\"1cm\"},\"printBackground\":true}","meta":{"rootId":"9ihgzck1xg5dya2","id":"9ihgzck1xg5dya2"},"id":"cs8yja1iffk3fts","previousOperationId":"0qxsklzs9y7xlsx"}
{"type":"operationEnd","operationId":"0qxsklzs9y7xlsx","timestamp":1750626661758,"id":"nejxuu6yvrhmo5o","previousEventId":"ev7qx4i97jana19","previousOperationId":"0qxsklzs9y7xlsx"}
{"type":"log","timestamp":1750626661761,"level":"debug","message":"Skipping storing report.","meta":{"rootId":"9ihgzck1xg5dya2","id":"9ihgzck1xg5dya2"},"id":"4498io5jj44qlcj","previousOperationId":"0qxsklzs9y7xlsx"}
{"type":"log","timestamp":1750626661761,"level":"info","message":"Rendering request 1 finished in 20098 ms","meta":{"rootId":"9ihgzck1xg5dya2","id":"9ihgzck1xg5dya2"},"id":"wxzs254v7nz90un","previousOperationId":"0qxsklzs9y7xlsx"}
{"type":"operationEnd","subtype":"render","operationId":"a22s0mtut3nnaih","timestamp":1750626661761,"id":"x6rh25fwyefx9kg","previousEventId":"nejxuu6yvrhmo5o","previousOperationId":"0qxsklzs9y7xlsx"}
{"type":"operationEnd","doDiffs":false,"previousEventId":"8o2anmyimsrnpkp","previousOperationId":"2jcgkadxwc3885j","operationId":"2jcgkadxwc3885j","timestamp":1750626661831,"id":"d1vzpg7toejx7d0"}
