{"type":"operationStart","subtype":"profile","data":{"_id":"c9Uo5sKBWOPelaN3","timestamp":"2025-06-22T21:18:26.792Z","state":"running","mode":"standard","creationDate":"2025-06-22T21:18:26.799Z","modificationDate":"2025-06-22T21:18:26.799Z","shortid":"49j-L2k","$entitySet":"profiles","timeout":60000},"doDiffs":false,"timestamp":1750627106796,"id":"jwjyhhrw4q5bnnj","previousOperationId":null,"operationId":"69vu0fp8npu7qwd"}
{"type":"log","level":"info","message":"Render request 1 queued for execution and waiting for available worker","previousOperationId":"69vu0fp8npu7qwd","timestamp":1750627106797,"id":"6m8v69ve6ckbk8c"}
{"type":"operationStart","subtype":"render","name":"anonymous","previousOperationId":"69vu0fp8npu7qwd","timestamp":1750627106853,"id":"s3gn9ody8chbm9l","previousEventId":"jwjyhhrw4q5bnnj","operationId":"8xlnqjtrn683xfw"}
{"type":"log","timestamp":1750627106856,"level":"info","message":"Starting rendering request 1","meta":{"rootId":"declf23x4fq0vxd","id":"declf23x4fq0vxd"},"id":"t0dvytf8foha6tu","previousOperationId":"8xlnqjtrn683xfw"}
{"type":"log","timestamp":1750627106861,"level":"info","message":"Rendering anonymous template { recipe: chrome-pdf, engine: handlebars }","meta":{"rootId":"declf23x4fq0vxd","id":"declf23x4fq0vxd"},"id":"fq64x46n3fj5g5l","previousOperationId":"8xlnqjtrn683xfw"}
{"type":"log","timestamp":1750627106862,"level":"debug","message":"Inline data specified.","meta":{"rootId":"declf23x4fq0vxd","id":"declf23x4fq0vxd"},"id":"lk5mtd1q458fdlw","previousOperationId":"8xlnqjtrn683xfw"}
{"type":"log","timestamp":1750627106873,"level":"debug","message":"Base url not specified, skipping its injection.","meta":{"rootId":"declf23x4fq0vxd","id":"declf23x4fq0vxd"},"id":"ibebbqomz3zt5ch","previousOperationId":"8xlnqjtrn683xfw"}
{"type":"operationStart","subtype":"engine","name":"handlebars","timestamp":1750627106880,"id":"lama06xrq8n7a2w","previousEventId":"s3gn9ody8chbm9l","operationId":"6j4yrh7tvmnxtnw","previousOperationId":"8xlnqjtrn683xfw"}
{"type":"log","timestamp":1750627106880,"level":"debug","message":"Rendering engine handlebars","meta":{"rootId":"declf23x4fq0vxd","id":"declf23x4fq0vxd"},"id":"qtti3ih7c0ei44e","previousOperationId":"6j4yrh7tvmnxtnw"}
{"type":"operationEnd","operationId":"6j4yrh7tvmnxtnw","timestamp":1750627109298,"id":"z74zw8u0ys5nqii","previousEventId":"lama06xrq8n7a2w","previousOperationId":"6j4yrh7tvmnxtnw"}
{"type":"operationStart","subtype":"recipe","name":"chrome-pdf","timestamp":1750627109302,"id":"rvuzj4fzmk6n0ef","previousEventId":"z74zw8u0ys5nqii","operationId":"n4xcaqyd7i7q80s","previousOperationId":"6j4yrh7tvmnxtnw"}
{"type":"log","timestamp":1750627109302,"level":"debug","message":"Executing recipe chrome-pdf","meta":{"rootId":"declf23x4fq0vxd","id":"declf23x4fq0vxd"},"id":"jn7h1o2f0vymm6q","previousOperationId":"n4xcaqyd7i7q80s"}
{"type":"log","timestamp":1750627110845,"level":"debug","message":"Converting with chrome Chrome/136.0.7103.49 using chrome-pool strategy","meta":{"rootId":"declf23x4fq0vxd","id":"declf23x4fq0vxd"},"id":"tbr5cjz54nlkfkn","previousOperationId":"n4xcaqyd7i7q80s"}
{"type":"log","timestamp":1750627112633,"level":"debug","message":"Page request: GET (document) file:///C:/Users/sayag/AppData/Local/Temp/jsreport/autocleanup/f3dae7b4-c494-4951-b681-fd2b011df2fd-chrome-pdf.html","meta":{"rootId":"declf23x4fq0vxd","id":"declf23x4fq0vxd"},"id":"p9holhozhxdvcph","previousOperationId":"n4xcaqyd7i7q80s"}
{"type":"log","timestamp":1750627112829,"level":"debug","message":"Page request finished: GET (document) 200 file:///C:/Users/sayag/AppData/Local/Temp/jsreport/autocleanup/f3dae7b4-c494-4951-b681-fd2b011df2fd-chrome-pdf.html","meta":{"rootId":"declf23x4fq0vxd","id":"declf23x4fq0vxd"},"id":"cvcj4fal2ontwka","previousOperationId":"n4xcaqyd7i7q80s"}
{"type":"log","timestamp":1750627112989,"level":"debug","message":"Running chrome with params {\"format\":\"A4\",\"marginTop\":\"1cm\",\"marginLeft\":\"1cm\",\"marginRight\":\"1cm\",\"marginBottom\":\"1cm\",\"timeout\":57453,\"margin\":{\"top\":\"1cm\",\"right\":\"1cm\",\"bottom\":\"1cm\",\"left\":\"1cm\"},\"printBackground\":true}","meta":{"rootId":"declf23x4fq0vxd","id":"declf23x4fq0vxd"},"id":"ovh9d1jx9vedks7","previousOperationId":"n4xcaqyd7i7q80s"}
{"type":"operationEnd","operationId":"n4xcaqyd7i7q80s","timestamp":1750627114585,"id":"qga7mccba3ezyy1","previousEventId":"rvuzj4fzmk6n0ef","previousOperationId":"n4xcaqyd7i7q80s"}
{"type":"log","timestamp":1750627114587,"level":"debug","message":"Skipping storing report.","meta":{"rootId":"declf23x4fq0vxd","id":"declf23x4fq0vxd"},"id":"zerh816g68mi96l","previousOperationId":"n4xcaqyd7i7q80s"}
{"type":"log","timestamp":1750627114587,"level":"info","message":"Rendering request 1 finished in 7798 ms","meta":{"rootId":"declf23x4fq0vxd","id":"declf23x4fq0vxd"},"id":"yt7fvea1put49sl","previousOperationId":"n4xcaqyd7i7q80s"}
{"type":"operationEnd","subtype":"render","operationId":"8xlnqjtrn683xfw","timestamp":1750627114588,"id":"vc82fh4417mtamo","previousEventId":"qga7mccba3ezyy1","previousOperationId":"n4xcaqyd7i7q80s"}
{"type":"operationEnd","doDiffs":false,"previousEventId":"jwjyhhrw4q5bnnj","previousOperationId":"69vu0fp8npu7qwd","operationId":"69vu0fp8npu7qwd","timestamp":1750627114598,"id":"j7mx58bvtocdniq"}
