{"type":"operationStart","subtype":"profile","data":{"_id":"A2650QGPISvt5av7","timestamp":"2025-06-22T23:24:02.560Z","state":"running","mode":"standard","creationDate":"2025-06-22T23:24:02.568Z","modificationDate":"2025-06-22T23:24:02.568Z","shortid":"CE9KjdT","$entitySet":"profiles","timeout":60000},"doDiffs":false,"timestamp":1750634642565,"id":"6ki4o4y4qkrd89p","previousOperationId":null,"operationId":"gsa5yvyg2jb21x1"}
{"type":"log","level":"info","message":"Render request 1 queued for execution and waiting for available worker","previousOperationId":"gsa5yvyg2jb21x1","timestamp":1750634642565,"id":"mxpsswkmzp3jyen"}
{"type":"operationStart","subtype":"render","name":"anonymous","previousOperationId":"gsa5yvyg2jb21x1","timestamp":1750634642632,"id":"70s5t74g2f2env4","previousEventId":"6ki4o4y4qkrd89p","operationId":"x9i6gp2p5t804yd"}
{"type":"log","timestamp":1750634642635,"level":"info","message":"Starting rendering request 1","meta":{"rootId":"pfne4rlizq481a9","id":"pfne4rlizq481a9"},"id":"ruszgw8ej5mr939","previousOperationId":"x9i6gp2p5t804yd"}
{"type":"log","timestamp":1750634642641,"level":"info","message":"Rendering anonymous template { recipe: chrome-pdf, engine: handlebars }","meta":{"rootId":"pfne4rlizq481a9","id":"pfne4rlizq481a9"},"id":"00o8m5cuex3laey","previousOperationId":"x9i6gp2p5t804yd"}
{"type":"log","timestamp":1750634642642,"level":"debug","message":"Inline data specified.","meta":{"rootId":"pfne4rlizq481a9","id":"pfne4rlizq481a9"},"id":"iappunuud7o1azf","previousOperationId":"x9i6gp2p5t804yd"}
{"type":"log","timestamp":1750634642657,"level":"debug","message":"Base url not specified, skipping its injection.","meta":{"rootId":"pfne4rlizq481a9","id":"pfne4rlizq481a9"},"id":"kztbbsc5qmcw7kx","previousOperationId":"x9i6gp2p5t804yd"}
{"type":"operationStart","subtype":"engine","name":"handlebars","timestamp":1750634642664,"id":"tdtixwlcst42w6q","previousEventId":"70s5t74g2f2env4","operationId":"3fvw4ofv1xe1zg4","previousOperationId":"x9i6gp2p5t804yd"}
{"type":"log","timestamp":1750634642664,"level":"debug","message":"Rendering engine handlebars","meta":{"rootId":"pfne4rlizq481a9","id":"pfne4rlizq481a9"},"id":"jsc01x1j3org3xw","previousOperationId":"3fvw4ofv1xe1zg4"}
{"type":"operationEnd","operationId":"3fvw4ofv1xe1zg4","timestamp":1750634644922,"id":"2lbfjjsxj3878nt","previousEventId":"tdtixwlcst42w6q","previousOperationId":"3fvw4ofv1xe1zg4"}
{"type":"operationStart","subtype":"recipe","name":"chrome-pdf","timestamp":1750634644925,"id":"p2rzgd814itixin","previousEventId":"2lbfjjsxj3878nt","operationId":"oiqlhobnoqmek1l","previousOperationId":"3fvw4ofv1xe1zg4"}
{"type":"log","timestamp":1750634644925,"level":"debug","message":"Executing recipe chrome-pdf","meta":{"rootId":"pfne4rlizq481a9","id":"pfne4rlizq481a9"},"id":"ln35d1135hcdhjl","previousOperationId":"oiqlhobnoqmek1l"}
{"type":"log","timestamp":1750634648179,"level":"debug","message":"Converting with chrome Chrome/136.0.7103.49 using chrome-pool strategy","meta":{"rootId":"pfne4rlizq481a9","id":"pfne4rlizq481a9"},"id":"mj4ssafd6mvid87","previousOperationId":"oiqlhobnoqmek1l"}
{"type":"log","timestamp":1750634652122,"level":"debug","message":"Page request: GET (document) file:///C:/Users/sayag/AppData/Local/Temp/jsreport/autocleanup/91887d71-ee92-4169-813a-b599bed11331-chrome-pdf.html","meta":{"rootId":"pfne4rlizq481a9","id":"pfne4rlizq481a9"},"id":"ujz6hwt37scdf48","previousOperationId":"oiqlhobnoqmek1l"}
{"type":"log","timestamp":1750634652725,"level":"debug","message":"Page request finished: GET (document) 200 file:///C:/Users/sayag/AppData/Local/Temp/jsreport/autocleanup/91887d71-ee92-4169-813a-b599bed11331-chrome-pdf.html","meta":{"rootId":"pfne4rlizq481a9","id":"pfne4rlizq481a9"},"id":"oxikr130sv5cbwz","previousOperationId":"oiqlhobnoqmek1l"}
{"type":"log","timestamp":1750634653068,"level":"debug","message":"Running chrome with params {\"format\":\"A4\",\"landscape\":true,\"marginTop\":\"1.5cm\",\"marginLeft\":\"1.5cm\",\"marginRight\":\"1.5cm\",\"marginBottom\":\"1.5cm\",\"timeout\":57601,\"margin\":{\"top\":\"1.5cm\",\"right\":\"1.5cm\",\"bottom\":\"1.5cm\",\"left\":\"1.5cm\"},\"printBackground\":true}","meta":{"rootId":"pfne4rlizq481a9","id":"pfne4rlizq481a9"},"id":"3syqrru56hdggj1","previousOperationId":"oiqlhobnoqmek1l"}
{"type":"operationEnd","operationId":"oiqlhobnoqmek1l","timestamp":1750634656907,"id":"46r48tyfag1vaf9","previousEventId":"p2rzgd814itixin","previousOperationId":"oiqlhobnoqmek1l"}
{"type":"log","timestamp":1750634656914,"level":"debug","message":"Skipping storing report.","meta":{"rootId":"pfne4rlizq481a9","id":"pfne4rlizq481a9"},"id":"l7l3x7x8yw4welr","previousOperationId":"oiqlhobnoqmek1l"}
{"type":"log","timestamp":1750634656914,"level":"info","message":"Rendering request 1 finished in 14356 ms","meta":{"rootId":"pfne4rlizq481a9","id":"pfne4rlizq481a9"},"id":"vc1md5dqnohyvzs","previousOperationId":"oiqlhobnoqmek1l"}
{"type":"operationEnd","subtype":"render","operationId":"x9i6gp2p5t804yd","timestamp":1750634656915,"id":"b5mxcuobixu7hm0","previousEventId":"46r48tyfag1vaf9","previousOperationId":"oiqlhobnoqmek1l"}
{"type":"operationEnd","doDiffs":false,"previousEventId":"6ki4o4y4qkrd89p","previousOperationId":"gsa5yvyg2jb21x1","operationId":"gsa5yvyg2jb21x1","timestamp":1750634657146,"id":"edr1mk3frkdum6o"}
