{"type":"operationStart","subtype":"profile","data":{"_id":"D5o9UkkJAGGoJWC9","timestamp":"2025-06-22T23:25:09.837Z","state":"running","mode":"standard","creationDate":"2025-06-22T23:25:09.848Z","modificationDate":"2025-06-22T23:25:09.848Z","shortid":"keWUF42","$entitySet":"profiles","timeout":60000},"doDiffs":false,"timestamp":1750634709843,"id":"un501o3963j1xdu","previousOperationId":null,"operationId":"qy1ktjd2i7idjuo"}
{"type":"log","level":"info","message":"Render request 1 queued for execution and waiting for available worker","previousOperationId":"qy1ktjd2i7idjuo","timestamp":1750634709843,"id":"jg5ji1kuh87hkre"}
{"type":"operationStart","subtype":"render","name":"anonymous","previousOperationId":"qy1ktjd2i7idjuo","timestamp":1750634709912,"id":"h4610ir9st9nkdp","previousEventId":"un501o3963j1xdu","operationId":"06i6bjmy1wu83zj"}
{"type":"log","timestamp":1750634709917,"level":"info","message":"Starting rendering request 1","meta":{"rootId":"u29lt1jc7ldgm3l","id":"u29lt1jc7ldgm3l"},"id":"1mqefdl7f5zk6kh","previousOperationId":"06i6bjmy1wu83zj"}
{"type":"log","timestamp":1750634709923,"level":"info","message":"Rendering anonymous template { recipe: chrome-pdf, engine: handlebars }","meta":{"rootId":"u29lt1jc7ldgm3l","id":"u29lt1jc7ldgm3l"},"id":"ap5xnt26fkonmi4","previousOperationId":"06i6bjmy1wu83zj"}
{"type":"log","timestamp":1750634709924,"level":"debug","message":"Inline data specified.","meta":{"rootId":"u29lt1jc7ldgm3l","id":"u29lt1jc7ldgm3l"},"id":"o5kf7yv25pp4fbh","previousOperationId":"06i6bjmy1wu83zj"}
{"type":"log","timestamp":1750634709938,"level":"debug","message":"Base url not specified, skipping its injection.","meta":{"rootId":"u29lt1jc7ldgm3l","id":"u29lt1jc7ldgm3l"},"id":"sg1yacaq9r42c2r","previousOperationId":"06i6bjmy1wu83zj"}
{"type":"operationStart","subtype":"engine","name":"handlebars","timestamp":1750634709944,"id":"hj6t1ggc7i0vxdz","previousEventId":"h4610ir9st9nkdp","operationId":"9u4jzz651lyt8le","previousOperationId":"06i6bjmy1wu83zj"}
{"type":"log","timestamp":1750634709944,"level":"debug","message":"Rendering engine handlebars","meta":{"rootId":"u29lt1jc7ldgm3l","id":"u29lt1jc7ldgm3l"},"id":"ysfx7bjwwubrndv","previousOperationId":"9u4jzz651lyt8le"}
{"type":"operationEnd","operationId":"9u4jzz651lyt8le","timestamp":1750634712525,"id":"74imiftv12nhxgz","previousEventId":"hj6t1ggc7i0vxdz","previousOperationId":"9u4jzz651lyt8le"}
{"type":"operationStart","subtype":"recipe","name":"chrome-pdf","timestamp":1750634712528,"id":"4dae3dp1sr4mwfl","previousEventId":"74imiftv12nhxgz","operationId":"psrhwjoyc2euw1z","previousOperationId":"9u4jzz651lyt8le"}
{"type":"log","timestamp":1750634712528,"level":"debug","message":"Executing recipe chrome-pdf","meta":{"rootId":"u29lt1jc7ldgm3l","id":"u29lt1jc7ldgm3l"},"id":"epurufuc430yma0","previousOperationId":"psrhwjoyc2euw1z"}
{"type":"log","timestamp":1750634716742,"level":"debug","message":"Converting with chrome Chrome/136.0.7103.49 using chrome-pool strategy","meta":{"rootId":"u29lt1jc7ldgm3l","id":"u29lt1jc7ldgm3l"},"id":"5k12yas5g471716","previousOperationId":"psrhwjoyc2euw1z"}
{"type":"log","timestamp":1750634718686,"level":"debug","message":"Page request: GET (document) file:///C:/Users/sayag/AppData/Local/Temp/jsreport/autocleanup/8acc4562-c69e-4c6a-aecf-f052ed08e2e6-chrome-pdf.html","meta":{"rootId":"u29lt1jc7ldgm3l","id":"u29lt1jc7ldgm3l"},"id":"f1wxjaefiet79fn","previousOperationId":"psrhwjoyc2euw1z"}
{"type":"log","timestamp":1750634719072,"level":"debug","message":"Page request finished: GET (document) 200 file:///C:/Users/sayag/AppData/Local/Temp/jsreport/autocleanup/8acc4562-c69e-4c6a-aecf-f052ed08e2e6-chrome-pdf.html","meta":{"rootId":"u29lt1jc7ldgm3l","id":"u29lt1jc7ldgm3l"},"id":"pd3m0grg29pyovi","previousOperationId":"psrhwjoyc2euw1z"}
{"type":"log","timestamp":1750634719444,"level":"debug","message":"Running chrome with params {\"format\":\"A4\",\"landscape\":true,\"marginTop\":\"1.5cm\",\"marginLeft\":\"1.5cm\",\"marginRight\":\"1.5cm\",\"marginBottom\":\"1.5cm\",\"timeout\":57279,\"margin\":{\"top\":\"1.5cm\",\"right\":\"1.5cm\",\"bottom\":\"1.5cm\",\"left\":\"1.5cm\"},\"printBackground\":true}","meta":{"rootId":"u29lt1jc7ldgm3l","id":"u29lt1jc7ldgm3l"},"id":"cul8h9i84fnvk3z","previousOperationId":"psrhwjoyc2euw1z"}
{"type":"operationEnd","operationId":"psrhwjoyc2euw1z","timestamp":1750634722206,"id":"iuojed81ur2si1q","previousEventId":"4dae3dp1sr4mwfl","previousOperationId":"psrhwjoyc2euw1z"}
{"type":"log","timestamp":1750634722210,"level":"debug","message":"Skipping storing report.","meta":{"rootId":"u29lt1jc7ldgm3l","id":"u29lt1jc7ldgm3l"},"id":"n3qn05io71n0ogf","previousOperationId":"psrhwjoyc2euw1z"}
{"type":"log","timestamp":1750634722210,"level":"info","message":"Rendering request 1 finished in 12378 ms","meta":{"rootId":"u29lt1jc7ldgm3l","id":"u29lt1jc7ldgm3l"},"id":"a5hpfgmppf9lu12","previousOperationId":"psrhwjoyc2euw1z"}
{"type":"operationEnd","subtype":"render","operationId":"06i6bjmy1wu83zj","timestamp":1750634722211,"id":"mvcr2zwaafxdrqh","previousEventId":"iuojed81ur2si1q","previousOperationId":"psrhwjoyc2euw1z"}
{"type":"operationEnd","doDiffs":false,"previousEventId":"un501o3963j1xdu","previousOperationId":"qy1ktjd2i7idjuo","operationId":"qy1ktjd2i7idjuo","timestamp":1750634722223,"id":"e4cic4vl6snoxga"}
